<?xml version="1.0" ?>
<testsuite name="TestMeal-20230720004921" tests="4" time="0.000" failures="0" errors="0">
	<testcase classname="TestMeal" name="test_meal_init" time="0.000"/>
	<testcase classname="TestMeal" name="test_meal_is_not_special" time="0.000"/>
	<testcase classname="TestMeal" name="test_meal_is_special" time="0.000"/>
	<testcase classname="TestMeal" name="test_meal_str" time="0.000"/>
	<system-out><![CDATA[]]></system-out>
	<system-err><![CDATA[]]></system-err>
</testsuite>
