<?xml version="1.0" ?>
<testsuite name="TestPastriesMeal-20230720003931" tests="1" time="0.000" failures="0" errors="0">
	<testcase classname="TestPastriesMeal" name="test_pastries_meal_init" time="0.000"/>
	<system-out><![CDATA[]]></system-out>
	<system-err><![CDATA[]]></system-err>
</testsuite>
